mode: set
github.com/frjcomp/gots/cmd/gotsl/main.go:24.20,33.2 8 1
github.com/frjcomp/gots/cmd/gotsl/main.go:35.13,47.16 9 0
github.com/frjcomp/gots/cmd/gotsl/main.go:47.16,49.3 1 0
github.com/frjcomp/gots/cmd/gotsl/main.go:50.2,50.28 1 0
github.com/frjcomp/gots/cmd/gotsl/main.go:50.28,52.3 1 0
github.com/frjcomp/gots/cmd/gotsl/main.go:54.2,54.77 1 0
github.com/frjcomp/gots/cmd/gotsl/main.go:54.77,56.3 1 0
github.com/frjcomp/gots/cmd/gotsl/main.go:59.77,64.16 3 0
github.com/frjcomp/gots/cmd/gotsl/main.go:64.16,66.3 1 0
github.com/frjcomp/gots/cmd/gotsl/main.go:68.2,70.16 3 0
github.com/frjcomp/gots/cmd/gotsl/main.go:70.16,72.3 1 0
github.com/frjcomp/gots/cmd/gotsl/main.go:74.2,77.26 3 0
github.com/frjcomp/gots/cmd/gotsl/main.go:77.26,79.17 2 0
github.com/frjcomp/gots/cmd/gotsl/main.go:79.17,81.4 1 0
github.com/frjcomp/gots/cmd/gotsl/main.go:82.3,85.127 4 0
github.com/frjcomp/gots/cmd/gotsl/main.go:88.2,100.16 6 0
github.com/frjcomp/gots/cmd/gotsl/main.go:100.16,102.3 1 0
github.com/frjcomp/gots/cmd/gotsl/main.go:103.2,107.12 4 0
github.com/frjcomp/gots/cmd/gotsl/main.go:110.51,115.6 3 0
github.com/frjcomp/gots/cmd/gotsl/main.go:115.6,118.17 3 0
github.com/frjcomp/gots/cmd/gotsl/main.go:118.17,121.4 1 0
github.com/frjcomp/gots/cmd/gotsl/main.go:123.3,124.18 2 0
github.com/frjcomp/gots/cmd/gotsl/main.go:124.18,125.12 1 0
github.com/frjcomp/gots/cmd/gotsl/main.go:128.3,131.18 3 0
github.com/frjcomp/gots/cmd/gotsl/main.go:132.20,133.18 1 0
github.com/frjcomp/gots/cmd/gotsl/main.go:134.15,135.15 1 0
github.com/frjcomp/gots/cmd/gotsl/main.go:136.16,137.22 1 0
github.com/frjcomp/gots/cmd/gotsl/main.go:137.22,139.13 2 0
github.com/frjcomp/gots/cmd/gotsl/main.go:141.4,142.24 2 0
github.com/frjcomp/gots/cmd/gotsl/main.go:142.24,143.13 1 0
github.com/frjcomp/gots/cmd/gotsl/main.go:145.4,145.32 1 0
github.com/frjcomp/gots/cmd/gotsl/main.go:146.17,147.23 1 0
github.com/frjcomp/gots/cmd/gotsl/main.go:147.23,149.13 2 0
github.com/frjcomp/gots/cmd/gotsl/main.go:151.4,152.24 2 0
github.com/frjcomp/gots/cmd/gotsl/main.go:152.24,153.13 1 0
github.com/frjcomp/gots/cmd/gotsl/main.go:155.4,155.57 1 0
github.com/frjcomp/gots/cmd/gotsl/main.go:156.19,157.23 1 0
github.com/frjcomp/gots/cmd/gotsl/main.go:157.23,159.13 2 0
github.com/frjcomp/gots/cmd/gotsl/main.go:161.4,162.24 2 0
github.com/frjcomp/gots/cmd/gotsl/main.go:162.24,163.13 1 0
github.com/frjcomp/gots/cmd/gotsl/main.go:165.4,165.59 1 0
github.com/frjcomp/gots/cmd/gotsl/main.go:166.15,167.10 1 0
github.com/frjcomp/gots/cmd/gotsl/main.go:168.11,169.94 1 0
github.com/frjcomp/gots/cmd/gotsl/main.go:174.18,186.2 11 1
github.com/frjcomp/gots/cmd/gotsl/main.go:188.46,190.23 2 1
github.com/frjcomp/gots/cmd/gotsl/main.go:190.23,192.3 1 1
github.com/frjcomp/gots/cmd/gotsl/main.go:192.8,194.32 2 1
github.com/frjcomp/gots/cmd/gotsl/main.go:194.32,196.4 1 1
github.com/frjcomp/gots/cmd/gotsl/main.go:197.3,197.16 1 1
github.com/frjcomp/gots/cmd/gotsl/main.go:201.69,203.60 2 1
github.com/frjcomp/gots/cmd/gotsl/main.go:203.60,206.3 2 1
github.com/frjcomp/gots/cmd/gotsl/main.go:208.2,209.42 2 1
github.com/frjcomp/gots/cmd/gotsl/main.go:209.42,211.3 1 1
github.com/frjcomp/gots/cmd/gotsl/main.go:213.2,214.11 2 1
github.com/frjcomp/gots/cmd/gotsl/main.go:217.103,219.16 2 1
github.com/frjcomp/gots/cmd/gotsl/main.go:219.16,222.3 2 1
github.com/frjcomp/gots/cmd/gotsl/main.go:224.2,225.16 2 0
github.com/frjcomp/gots/cmd/gotsl/main.go:225.16,228.3 2 0
github.com/frjcomp/gots/cmd/gotsl/main.go:230.2,232.63 3 0
github.com/frjcomp/gots/cmd/gotsl/main.go:232.63,235.3 2 0
github.com/frjcomp/gots/cmd/gotsl/main.go:237.2,238.16 2 0
github.com/frjcomp/gots/cmd/gotsl/main.go:238.16,241.3 2 0
github.com/frjcomp/gots/cmd/gotsl/main.go:242.2,242.35 1 0
github.com/frjcomp/gots/cmd/gotsl/main.go:242.35,245.3 2 0
github.com/frjcomp/gots/cmd/gotsl/main.go:247.2,248.53 2 0
github.com/frjcomp/gots/cmd/gotsl/main.go:248.53,250.22 2 0
github.com/frjcomp/gots/cmd/gotsl/main.go:250.22,252.4 1 0
github.com/frjcomp/gots/cmd/gotsl/main.go:253.3,256.64 4 0
github.com/frjcomp/gots/cmd/gotsl/main.go:256.64,259.4 2 0
github.com/frjcomp/gots/cmd/gotsl/main.go:260.3,261.17 2 0
github.com/frjcomp/gots/cmd/gotsl/main.go:261.17,264.4 2 0
github.com/frjcomp/gots/cmd/gotsl/main.go:265.3,265.36 1 0
github.com/frjcomp/gots/cmd/gotsl/main.go:265.36,269.4 3 0
github.com/frjcomp/gots/cmd/gotsl/main.go:270.3,270.68 1 0
github.com/frjcomp/gots/cmd/gotsl/main.go:273.2,274.61 2 0
github.com/frjcomp/gots/cmd/gotsl/main.go:274.61,277.3 2 0
github.com/frjcomp/gots/cmd/gotsl/main.go:279.2,280.16 2 0
github.com/frjcomp/gots/cmd/gotsl/main.go:280.16,283.3 2 0
github.com/frjcomp/gots/cmd/gotsl/main.go:285.2,287.37 3 0
github.com/frjcomp/gots/cmd/gotsl/main.go:287.37,289.3 1 0
github.com/frjcomp/gots/cmd/gotsl/main.go:290.2,291.13 2 0
github.com/frjcomp/gots/cmd/gotsl/main.go:294.105,296.58 2 1
github.com/frjcomp/gots/cmd/gotsl/main.go:296.58,299.3 2 0
github.com/frjcomp/gots/cmd/gotsl/main.go:301.2,302.16 2 1
github.com/frjcomp/gots/cmd/gotsl/main.go:302.16,305.3 2 1
github.com/frjcomp/gots/cmd/gotsl/main.go:307.2,309.52 3 0
github.com/frjcomp/gots/cmd/gotsl/main.go:309.52,312.3 2 0
github.com/frjcomp/gots/cmd/gotsl/main.go:314.2,316.16 3 0
github.com/frjcomp/gots/cmd/gotsl/main.go:316.16,319.3 2 0
github.com/frjcomp/gots/cmd/gotsl/main.go:321.2,321.63 1 0
github.com/frjcomp/gots/cmd/gotsl/main.go:321.63,324.3 2 0
github.com/frjcomp/gots/cmd/gotsl/main.go:326.2,327.13 2 0
github.com/frjcomp/gots/cmd/gotsl/main.go:330.67,334.71 2 0
github.com/frjcomp/gots/cmd/gotsl/main.go:334.71,337.3 2 0
github.com/frjcomp/gots/cmd/gotsl/main.go:340.2,341.16 2 0
github.com/frjcomp/gots/cmd/gotsl/main.go:341.16,344.3 2 0
github.com/frjcomp/gots/cmd/gotsl/main.go:346.2,346.35 1 0
github.com/frjcomp/gots/cmd/gotsl/main.go:346.35,349.3 2 0
github.com/frjcomp/gots/cmd/gotsl/main.go:352.2,353.16 2 0
github.com/frjcomp/gots/cmd/gotsl/main.go:353.16,356.3 2 0
github.com/frjcomp/gots/cmd/gotsl/main.go:358.2,364.16 5 0
github.com/frjcomp/gots/cmd/gotsl/main.go:364.16,367.3 1 0
github.com/frjcomp/gots/cmd/gotsl/main.go:368.2,368.15 1 0
github.com/frjcomp/gots/cmd/gotsl/main.go:368.15,373.22 2 0
github.com/frjcomp/gots/cmd/gotsl/main.go:373.22,376.39 2 0
github.com/frjcomp/gots/cmd/gotsl/main.go:376.39,378.5 1 0
github.com/frjcomp/gots/cmd/gotsl/main.go:382.3,382.16 1 0
github.com/frjcomp/gots/cmd/gotsl/main.go:386.2,396.12 5 0
github.com/frjcomp/gots/cmd/gotsl/main.go:396.12,398.16 2 0
github.com/frjcomp/gots/cmd/gotsl/main.go:398.16,399.32 1 0
github.com/frjcomp/gots/cmd/gotsl/main.go:399.32,401.5 1 0
github.com/frjcomp/gots/cmd/gotsl/main.go:404.3,404.7 1 0
github.com/frjcomp/gots/cmd/gotsl/main.go:404.7,406.11 2 0
github.com/frjcomp/gots/cmd/gotsl/main.go:406.11,409.24 2 0
github.com/frjcomp/gots/cmd/gotsl/main.go:409.24,411.6 1 0
github.com/frjcomp/gots/cmd/gotsl/main.go:412.5,412.11 1 0
github.com/frjcomp/gots/cmd/gotsl/main.go:414.4,414.25 1 0
github.com/frjcomp/gots/cmd/gotsl/main.go:419.2,419.12 1 0
github.com/frjcomp/gots/cmd/gotsl/main.go:419.12,421.16 2 0
github.com/frjcomp/gots/cmd/gotsl/main.go:421.16,422.32 1 0
github.com/frjcomp/gots/cmd/gotsl/main.go:422.32,424.5 1 0
github.com/frjcomp/gots/cmd/gotsl/main.go:426.4,426.41 1 0
github.com/frjcomp/gots/cmd/gotsl/main.go:429.3,431.7 2 0
github.com/frjcomp/gots/cmd/gotsl/main.go:431.7,433.11 1 0
github.com/frjcomp/gots/cmd/gotsl/main.go:434.19,436.11 1 0
github.com/frjcomp/gots/cmd/gotsl/main.go:437.12,437.12 0 0
github.com/frjcomp/gots/cmd/gotsl/main.go:442.4,445.18 3 0
github.com/frjcomp/gots/cmd/gotsl/main.go:445.18,446.62 1 0
github.com/frjcomp/gots/cmd/gotsl/main.go:446.62,448.14 1 0
github.com/frjcomp/gots/cmd/gotsl/main.go:451.5,451.11 1 0
github.com/frjcomp/gots/cmd/gotsl/main.go:454.4,454.13 1 0
github.com/frjcomp/gots/cmd/gotsl/main.go:454.13,458.47 2 0
github.com/frjcomp/gots/cmd/gotsl/main.go:458.47,459.25 1 0
github.com/frjcomp/gots/cmd/gotsl/main.go:459.25,461.7 1 0
github.com/frjcomp/gots/cmd/gotsl/main.go:462.6,462.12 1 0
github.com/frjcomp/gots/cmd/gotsl/main.go:466.5,466.12 1 0
github.com/frjcomp/gots/cmd/gotsl/main.go:467.20,468.12 1 0
github.com/frjcomp/gots/cmd/gotsl/main.go:469.13,469.13 0 0
github.com/frjcomp/gots/cmd/gotsl/main.go:473.5,474.19 2 0
github.com/frjcomp/gots/cmd/gotsl/main.go:474.19,477.6 2 0
github.com/frjcomp/gots/cmd/gotsl/main.go:480.5,480.86 1 0
github.com/frjcomp/gots/cmd/gotsl/main.go:480.86,483.6 2 0
github.com/frjcomp/gots/cmd/gotsl/main.go:489.2,500.11 6 0
github.com/frjcomp/gots/cmd/gotsl/tty_flush_unix.go:12.25,15.2 2 0
