mode: set
golang-https-rev/cmd/gotsl/main.go:23.20,34.2 10 1
golang-https-rev/cmd/gotsl/main.go:36.13,43.59 6 0
golang-https-rev/cmd/gotsl/main.go:43.59,45.3 1 0
golang-https-rev/cmd/gotsl/main.go:48.61,51.20 2 1
golang-https-rev/cmd/gotsl/main.go:51.20,53.3 1 1
golang-https-rev/cmd/gotsl/main.go:55.2,60.16 5 0
golang-https-rev/cmd/gotsl/main.go:60.16,62.3 1 0
golang-https-rev/cmd/gotsl/main.go:64.2,67.21 3 0
golang-https-rev/cmd/gotsl/main.go:67.21,69.17 2 0
golang-https-rev/cmd/gotsl/main.go:69.17,71.4 1 0
golang-https-rev/cmd/gotsl/main.go:72.3,75.119 4 0
golang-https-rev/cmd/gotsl/main.go:78.2,89.16 5 0
golang-https-rev/cmd/gotsl/main.go:89.16,91.3 1 0
golang-https-rev/cmd/gotsl/main.go:92.2,96.12 4 0
golang-https-rev/cmd/gotsl/main.go:105.43,110.6 3 0
golang-https-rev/cmd/gotsl/main.go:110.6,113.17 3 0
golang-https-rev/cmd/gotsl/main.go:113.17,116.4 1 0
golang-https-rev/cmd/gotsl/main.go:118.3,119.18 2 0
golang-https-rev/cmd/gotsl/main.go:119.18,120.12 1 0
golang-https-rev/cmd/gotsl/main.go:123.3,126.18 3 0
golang-https-rev/cmd/gotsl/main.go:127.20,128.18 1 0
golang-https-rev/cmd/gotsl/main.go:129.16,130.22 1 0
golang-https-rev/cmd/gotsl/main.go:130.22,132.13 2 0
golang-https-rev/cmd/gotsl/main.go:134.4,135.24 2 0
golang-https-rev/cmd/gotsl/main.go:135.24,136.13 1 0
golang-https-rev/cmd/gotsl/main.go:138.4,138.32 1 0
golang-https-rev/cmd/gotsl/main.go:139.17,140.23 1 0
golang-https-rev/cmd/gotsl/main.go:140.23,142.13 2 0
golang-https-rev/cmd/gotsl/main.go:144.4,145.24 2 0
golang-https-rev/cmd/gotsl/main.go:145.24,146.13 1 0
golang-https-rev/cmd/gotsl/main.go:148.4,148.57 1 0
golang-https-rev/cmd/gotsl/main.go:149.19,150.23 1 0
golang-https-rev/cmd/gotsl/main.go:150.23,152.13 2 0
golang-https-rev/cmd/gotsl/main.go:154.4,155.24 2 0
golang-https-rev/cmd/gotsl/main.go:155.24,156.13 1 0
golang-https-rev/cmd/gotsl/main.go:158.4,158.59 1 0
golang-https-rev/cmd/gotsl/main.go:159.15,160.10 1 0
golang-https-rev/cmd/gotsl/main.go:161.11,162.94 1 0
golang-https-rev/cmd/gotsl/main.go:167.18,179.2 11 1
golang-https-rev/cmd/gotsl/main.go:181.39,183.23 2 1
golang-https-rev/cmd/gotsl/main.go:183.23,185.3 1 1
golang-https-rev/cmd/gotsl/main.go:185.8,187.32 2 1
golang-https-rev/cmd/gotsl/main.go:187.32,189.4 1 1
golang-https-rev/cmd/gotsl/main.go:190.3,190.16 1 1
golang-https-rev/cmd/gotsl/main.go:194.62,196.60 2 1
golang-https-rev/cmd/gotsl/main.go:196.60,199.3 2 1
golang-https-rev/cmd/gotsl/main.go:201.2,202.42 2 1
golang-https-rev/cmd/gotsl/main.go:202.42,204.3 1 1
golang-https-rev/cmd/gotsl/main.go:206.2,207.11 2 1
golang-https-rev/cmd/gotsl/main.go:210.96,212.16 2 1
golang-https-rev/cmd/gotsl/main.go:212.16,215.3 2 1
golang-https-rev/cmd/gotsl/main.go:217.2,218.16 2 0
golang-https-rev/cmd/gotsl/main.go:218.16,221.3 2 0
golang-https-rev/cmd/gotsl/main.go:223.2,225.63 3 0
golang-https-rev/cmd/gotsl/main.go:225.63,228.3 2 0
golang-https-rev/cmd/gotsl/main.go:230.2,231.16 2 0
golang-https-rev/cmd/gotsl/main.go:231.16,234.3 2 0
golang-https-rev/cmd/gotsl/main.go:235.2,235.35 1 0
golang-https-rev/cmd/gotsl/main.go:235.35,238.3 2 0
golang-https-rev/cmd/gotsl/main.go:240.2,241.53 2 0
golang-https-rev/cmd/gotsl/main.go:241.53,243.22 2 0
golang-https-rev/cmd/gotsl/main.go:243.22,245.4 1 0
golang-https-rev/cmd/gotsl/main.go:246.3,249.64 4 0
golang-https-rev/cmd/gotsl/main.go:249.64,252.4 2 0
golang-https-rev/cmd/gotsl/main.go:253.3,254.17 2 0
golang-https-rev/cmd/gotsl/main.go:254.17,257.4 2 0
golang-https-rev/cmd/gotsl/main.go:258.3,258.36 1 0
golang-https-rev/cmd/gotsl/main.go:258.36,262.4 3 0
golang-https-rev/cmd/gotsl/main.go:263.3,263.68 1 0
golang-https-rev/cmd/gotsl/main.go:266.2,267.61 2 0
golang-https-rev/cmd/gotsl/main.go:267.61,270.3 2 0
golang-https-rev/cmd/gotsl/main.go:272.2,273.16 2 0
golang-https-rev/cmd/gotsl/main.go:273.16,276.3 2 0
golang-https-rev/cmd/gotsl/main.go:278.2,280.37 3 0
golang-https-rev/cmd/gotsl/main.go:280.37,282.3 1 0
golang-https-rev/cmd/gotsl/main.go:283.2,284.13 2 0
golang-https-rev/cmd/gotsl/main.go:287.98,289.58 2 1
golang-https-rev/cmd/gotsl/main.go:289.58,292.3 2 0
golang-https-rev/cmd/gotsl/main.go:294.2,295.16 2 1
golang-https-rev/cmd/gotsl/main.go:295.16,298.3 2 1
golang-https-rev/cmd/gotsl/main.go:300.2,302.52 3 0
golang-https-rev/cmd/gotsl/main.go:302.52,305.3 2 0
golang-https-rev/cmd/gotsl/main.go:307.2,309.16 3 0
golang-https-rev/cmd/gotsl/main.go:309.16,312.3 2 0
golang-https-rev/cmd/gotsl/main.go:314.2,314.63 1 0
golang-https-rev/cmd/gotsl/main.go:314.63,317.3 2 0
golang-https-rev/cmd/gotsl/main.go:319.2,320.13 2 0
golang-https-rev/cmd/gotsl/main.go:323.59,327.71 2 0
golang-https-rev/cmd/gotsl/main.go:327.71,330.3 2 0
golang-https-rev/cmd/gotsl/main.go:333.2,334.16 2 0
golang-https-rev/cmd/gotsl/main.go:334.16,337.3 2 0
golang-https-rev/cmd/gotsl/main.go:339.2,339.35 1 0
golang-https-rev/cmd/gotsl/main.go:339.35,342.3 2 0
golang-https-rev/cmd/gotsl/main.go:345.2,346.16 2 0
golang-https-rev/cmd/gotsl/main.go:346.16,349.3 2 0
golang-https-rev/cmd/gotsl/main.go:351.2,357.16 5 0
golang-https-rev/cmd/gotsl/main.go:357.16,360.3 1 0
golang-https-rev/cmd/gotsl/main.go:361.2,361.15 1 0
golang-https-rev/cmd/gotsl/main.go:361.15,366.22 2 0
golang-https-rev/cmd/gotsl/main.go:366.22,368.4 1 0
golang-https-rev/cmd/gotsl/main.go:371.3,371.16 1 0
golang-https-rev/cmd/gotsl/main.go:375.2,385.12 5 0
golang-https-rev/cmd/gotsl/main.go:385.12,387.16 2 0
golang-https-rev/cmd/gotsl/main.go:387.16,388.32 1 0
golang-https-rev/cmd/gotsl/main.go:388.32,390.5 1 0
golang-https-rev/cmd/gotsl/main.go:393.3,393.7 1 0
golang-https-rev/cmd/gotsl/main.go:393.7,395.11 2 0
golang-https-rev/cmd/gotsl/main.go:395.11,398.24 2 0
golang-https-rev/cmd/gotsl/main.go:398.24,400.6 1 0
golang-https-rev/cmd/gotsl/main.go:401.5,401.11 1 0
golang-https-rev/cmd/gotsl/main.go:403.4,403.25 1 0
golang-https-rev/cmd/gotsl/main.go:408.2,408.12 1 0
golang-https-rev/cmd/gotsl/main.go:408.12,410.16 2 0
golang-https-rev/cmd/gotsl/main.go:410.16,411.32 1 0
golang-https-rev/cmd/gotsl/main.go:411.32,413.5 1 0
golang-https-rev/cmd/gotsl/main.go:415.4,415.41 1 0
golang-https-rev/cmd/gotsl/main.go:418.3,420.7 2 0
golang-https-rev/cmd/gotsl/main.go:420.7,422.11 1 0
golang-https-rev/cmd/gotsl/main.go:423.19,425.11 1 0
golang-https-rev/cmd/gotsl/main.go:426.12,426.12 0 0
golang-https-rev/cmd/gotsl/main.go:431.4,434.18 3 0
golang-https-rev/cmd/gotsl/main.go:434.18,435.62 1 0
golang-https-rev/cmd/gotsl/main.go:435.62,437.14 1 0
golang-https-rev/cmd/gotsl/main.go:440.5,440.11 1 0
golang-https-rev/cmd/gotsl/main.go:443.4,443.13 1 0
golang-https-rev/cmd/gotsl/main.go:443.13,447.47 2 0
golang-https-rev/cmd/gotsl/main.go:447.47,448.25 1 0
golang-https-rev/cmd/gotsl/main.go:448.25,450.7 1 0
golang-https-rev/cmd/gotsl/main.go:451.6,451.12 1 0
golang-https-rev/cmd/gotsl/main.go:455.5,455.12 1 0
golang-https-rev/cmd/gotsl/main.go:456.20,457.12 1 0
golang-https-rev/cmd/gotsl/main.go:458.13,458.13 0 0
golang-https-rev/cmd/gotsl/main.go:462.5,463.19 2 0
golang-https-rev/cmd/gotsl/main.go:463.19,466.6 2 0
golang-https-rev/cmd/gotsl/main.go:469.5,469.86 1 0
golang-https-rev/cmd/gotsl/main.go:469.86,472.6 2 0
golang-https-rev/cmd/gotsl/main.go:478.2,489.11 6 0
golang-https-rev/cmd/gotsr/main.go:13.20,24.2 10 1
golang-https-rev/cmd/gotsr/main.go:26.13,35.71 8 0
golang-https-rev/cmd/gotsr/main.go:35.71,37.3 1 0
golang-https-rev/cmd/gotsr/main.go:40.75,43.20 2 1
golang-https-rev/cmd/gotsr/main.go:43.20,45.3 1 1
golang-https-rev/cmd/gotsr/main.go:47.2,55.24 8 1
golang-https-rev/cmd/gotsr/main.go:55.24,57.3 1 0
golang-https-rev/cmd/gotsr/main.go:58.2,58.27 1 1
golang-https-rev/cmd/gotsr/main.go:58.27,60.3 1 0
golang-https-rev/cmd/gotsr/main.go:62.2,62.105 1 1
golang-https-rev/cmd/gotsr/main.go:62.105,64.3 1 1
golang-https-rev/cmd/gotsr/main.go:65.2,65.12 1 1
golang-https-rev/cmd/gotsr/main.go:76.144,80.6 3 1
golang-https-rev/cmd/gotsr/main.go:80.6,82.38 2 1
golang-https-rev/cmd/gotsr/main.go:82.38,85.22 2 1
golang-https-rev/cmd/gotsr/main.go:85.22,87.30 2 1
golang-https-rev/cmd/gotsr/main.go:87.30,90.6 2 1
golang-https-rev/cmd/gotsr/main.go:93.4,94.20 2 1
golang-https-rev/cmd/gotsr/main.go:94.20,96.5 1 1
golang-https-rev/cmd/gotsr/main.go:96.10,98.5 1 0
golang-https-rev/cmd/gotsr/main.go:99.4,100.31 2 1
golang-https-rev/cmd/gotsr/main.go:100.31,102.5 1 0
golang-https-rev/cmd/gotsr/main.go:103.4,103.12 1 1
golang-https-rev/cmd/gotsr/main.go:106.3,108.45 2 1
golang-https-rev/cmd/gotsr/main.go:108.45,112.22 3 1
golang-https-rev/cmd/gotsr/main.go:112.22,114.30 2 1
golang-https-rev/cmd/gotsr/main.go:114.30,117.6 2 1
golang-https-rev/cmd/gotsr/main.go:120.4,121.20 2 1
golang-https-rev/cmd/gotsr/main.go:121.20,123.5 1 1
golang-https-rev/cmd/gotsr/main.go:123.10,125.5 1 0
golang-https-rev/cmd/gotsr/main.go:126.4,127.31 2 1
golang-https-rev/cmd/gotsr/main.go:127.31,129.5 1 0
golang-https-rev/pkg/certs/certs.go:19.64,21.16 2 1
golang-https-rev/pkg/certs/certs.go:21.16,23.3 1 1
golang-https-rev/pkg/certs/certs.go:25.2,29.16 4 1
golang-https-rev/pkg/certs/certs.go:29.16,31.3 1 0
golang-https-rev/pkg/certs/certs.go:33.2,47.16 3 1
golang-https-rev/pkg/certs/certs.go:47.16,49.3 1 0
golang-https-rev/pkg/certs/certs.go:52.2,59.16 6 1
golang-https-rev/pkg/certs/certs.go:59.16,61.3 1 0
golang-https-rev/pkg/certs/certs.go:63.2,63.31 1 1
golang-https-rev/pkg/certs/certs.go:67.70,68.32 1 1
golang-https-rev/pkg/certs/certs.go:68.32,70.3 1 0
golang-https-rev/pkg/certs/certs.go:72.2,73.41 2 1
golang-https-rev/pkg/certs/certs.go:78.39,80.44 2 1
golang-https-rev/pkg/certs/certs.go:80.44,82.3 1 0
golang-https-rev/pkg/certs/certs.go:83.2,83.39 1 1
golang-https-rev/pkg/compression/compression.go:15.49,18.42 3 1
golang-https-rev/pkg/compression/compression.go:18.42,20.3 1 0
golang-https-rev/pkg/compression/compression.go:21.2,21.35 1 1
golang-https-rev/pkg/compression/compression.go:21.35,23.3 1 0
golang-https-rev/pkg/compression/compression.go:24.2,24.45 1 1
golang-https-rev/pkg/compression/compression.go:29.52,31.16 2 1
golang-https-rev/pkg/compression/compression.go:31.16,33.3 1 1
golang-https-rev/pkg/compression/compression.go:35.2,36.16 2 1
golang-https-rev/pkg/compression/compression.go:36.16,38.3 1 1
golang-https-rev/pkg/compression/compression.go:39.2,42.16 3 1
golang-https-rev/pkg/compression/compression.go:42.16,44.3 1 0
golang-https-rev/pkg/compression/compression.go:46.2,46.18 1 1
golang-https-rev/pkg/client/command_handlers.go:18.52,21.2 2 1
golang-https-rev/pkg/client/command_handlers.go:24.73,26.21 2 1
golang-https-rev/pkg/client/command_handlers.go:26.21,30.3 3 1
golang-https-rev/pkg/client/command_handlers.go:31.2,35.26 5 1
golang-https-rev/pkg/client/command_handlers.go:39.73,40.32 1 1
golang-https-rev/pkg/client/command_handlers.go:40.32,44.3 3 1
golang-https-rev/pkg/client/command_handlers.go:45.2,48.26 4 1
golang-https-rev/pkg/client/command_handlers.go:52.71,54.21 2 1
golang-https-rev/pkg/client/command_handlers.go:54.21,58.3 3 1
golang-https-rev/pkg/client/command_handlers.go:60.2,60.32 1 1
golang-https-rev/pkg/client/command_handlers.go:60.32,64.3 3 1
golang-https-rev/pkg/client/command_handlers.go:67.2,68.40 2 1
golang-https-rev/pkg/client/command_handlers.go:68.40,70.17 2 1
golang-https-rev/pkg/client/command_handlers.go:70.17,74.4 3 1
golang-https-rev/pkg/client/command_handlers.go:75.3,75.63 1 1
golang-https-rev/pkg/client/command_handlers.go:79.2,80.16 2 1
golang-https-rev/pkg/client/command_handlers.go:80.16,84.3 3 1
golang-https-rev/pkg/client/command_handlers.go:86.2,93.12 6 1
golang-https-rev/pkg/client/command_handlers.go:97.70,99.21 2 1
golang-https-rev/pkg/client/command_handlers.go:99.21,103.3 3 1
golang-https-rev/pkg/client/command_handlers.go:105.2,107.16 3 1
golang-https-rev/pkg/client/command_handlers.go:107.16,111.3 3 1
golang-https-rev/pkg/client/command_handlers.go:114.2,115.16 2 1
golang-https-rev/pkg/client/command_handlers.go:115.16,119.3 3 0
golang-https-rev/pkg/client/command_handlers.go:121.2,122.26 2 1
golang-https-rev/pkg/client/command_handlers.go:126.52,128.2 1 1
golang-https-rev/pkg/client/command_handlers.go:131.55,132.18 1 1
golang-https-rev/pkg/client/command_handlers.go:132.18,135.3 2 1
golang-https-rev/pkg/client/command_handlers.go:138.2,139.31 2 1
golang-https-rev/pkg/client/command_handlers.go:139.31,141.3 1 0
golang-https-rev/pkg/client/command_handlers.go:141.8,141.57 1 1
golang-https-rev/pkg/client/command_handlers.go:141.57,143.3 1 0
golang-https-rev/pkg/client/command_handlers.go:146.2,148.16 3 1
golang-https-rev/pkg/client/command_handlers.go:148.16,151.3 2 0
golang-https-rev/pkg/client/command_handlers.go:153.2,159.42 5 1
golang-https-rev/pkg/client/command_handlers.go:159.42,161.3 1 0
golang-https-rev/pkg/client/command_handlers.go:164.2,168.12 3 1
golang-https-rev/pkg/client/command_handlers.go:168.12,171.7 3 1
golang-https-rev/pkg/client/command_handlers.go:171.7,177.20 4 1
golang-https-rev/pkg/client/command_handlers.go:177.20,178.10 1 1
golang-https-rev/pkg/client/command_handlers.go:181.4,182.18 2 1
golang-https-rev/pkg/client/command_handlers.go:182.18,183.22 1 0
golang-https-rev/pkg/client/command_handlers.go:183.22,185.6 1 0
golang-https-rev/pkg/client/command_handlers.go:186.5,186.10 1 0
golang-https-rev/pkg/client/command_handlers.go:188.4,188.13 1 1
golang-https-rev/pkg/client/command_handlers.go:188.13,194.21 4 1
golang-https-rev/pkg/client/command_handlers.go:194.21,195.11 1 0
golang-https-rev/pkg/client/command_handlers.go:198.5,199.19 2 1
golang-https-rev/pkg/client/command_handlers.go:199.19,201.14 2 0
golang-https-rev/pkg/client/command_handlers.go:203.5,204.22 2 1
golang-https-rev/pkg/client/command_handlers.go:209.3,209.35 1 1
golang-https-rev/pkg/client/command_handlers.go:209.35,211.4 1 1
golang-https-rev/pkg/client/command_handlers.go:214.3,216.51 2 1
golang-https-rev/pkg/client/command_handlers.go:216.51,219.25 3 0
golang-https-rev/pkg/client/command_handlers.go:219.25,221.5 1 0
golang-https-rev/pkg/client/command_handlers.go:222.4,227.21 5 0
golang-https-rev/pkg/client/command_handlers.go:228.9,230.4 1 1
golang-https-rev/pkg/client/command_handlers.go:233.2,233.12 1 1
golang-https-rev/pkg/client/command_handlers.go:237.69,243.16 5 1
golang-https-rev/pkg/client/command_handlers.go:243.16,245.3 1 1
golang-https-rev/pkg/client/command_handlers.go:247.2,250.16 3 1
golang-https-rev/pkg/client/command_handlers.go:250.16,252.3 1 1
golang-https-rev/pkg/client/command_handlers.go:256.2,256.48 1 1
golang-https-rev/pkg/client/command_handlers.go:256.48,257.26 1 0
golang-https-rev/pkg/client/command_handlers.go:257.26,258.17 1 0
golang-https-rev/pkg/client/command_handlers.go:258.17,267.10 7 0
golang-https-rev/pkg/client/command_handlers.go:273.2,275.12 3 1
golang-https-rev/pkg/client/command_handlers.go:279.71,285.16 5 1
golang-https-rev/pkg/client/command_handlers.go:285.16,287.3 1 1
golang-https-rev/pkg/client/command_handlers.go:289.2,290.21 2 1
golang-https-rev/pkg/client/command_handlers.go:290.21,292.3 1 1
golang-https-rev/pkg/client/command_handlers.go:294.2,295.16 2 1
golang-https-rev/pkg/client/command_handlers.go:295.16,297.3 1 1
golang-https-rev/pkg/client/command_handlers.go:299.2,300.16 2 1
golang-https-rev/pkg/client/command_handlers.go:300.16,302.3 1 1
golang-https-rev/pkg/client/command_handlers.go:305.2,305.56 1 1
golang-https-rev/pkg/client/command_handlers.go:305.56,307.3 1 1
golang-https-rev/pkg/client/command_handlers.go:309.2,309.12 1 0
golang-https-rev/pkg/client/command_handlers.go:313.55,317.19 3 1
golang-https-rev/pkg/client/command_handlers.go:317.19,319.3 1 0
golang-https-rev/pkg/client/command_handlers.go:321.2,324.50 3 1
golang-https-rev/pkg/client/command_handlers.go:324.50,326.3 1 1
golang-https-rev/pkg/client/command_handlers.go:328.2,328.23 1 1
golang-https-rev/pkg/client/command_handlers.go:328.23,331.3 2 1
golang-https-rev/pkg/client/command_handlers.go:333.2,337.12 2 1
golang-https-rev/pkg/client/command_handlers.go:341.67,344.31 2 1
golang-https-rev/pkg/client/command_handlers.go:344.31,346.3 1 0
golang-https-rev/pkg/client/command_handlers.go:346.8,348.3 1 1
golang-https-rev/pkg/client/command_handlers.go:351.2,352.15 2 1
golang-https-rev/pkg/client/command_handlers.go:352.15,352.38 1 1
golang-https-rev/pkg/client/command_handlers.go:355.2,360.16 5 1
golang-https-rev/pkg/client/command_handlers.go:360.16,363.3 2 0
golang-https-rev/pkg/client/command_handlers.go:364.2,366.36 2 1
golang-https-rev/pkg/client/command_handlers.go:366.36,369.3 2 0
golang-https-rev/pkg/client/command_handlers.go:372.2,373.27 2 1
golang-https-rev/pkg/client/command_handlers.go:373.27,375.12 2 1
golang-https-rev/pkg/client/command_handlers.go:375.12,377.21 2 1
golang-https-rev/pkg/client/command_handlers.go:377.21,380.10 3 0
golang-https-rev/pkg/client/command_handlers.go:382.4,382.39 1 1
golang-https-rev/pkg/client/command_handlers.go:384.3,384.21 1 1
golang-https-rev/pkg/client/command_handlers.go:384.21,385.9 1 1
golang-https-rev/pkg/client/command_handlers.go:390.2,390.15 1 1
golang-https-rev/pkg/client/command_handlers.go:390.15,393.3 2 0
golang-https-rev/pkg/client/command_handlers.go:396.2,399.26 3 1
golang-https-rev/pkg/client/command_handlers.go:403.90,405.33 1 1
golang-https-rev/pkg/client/command_handlers.go:405.33,407.3 1 1
golang-https-rev/pkg/client/command_handlers.go:410.2,410.61 1 1
golang-https-rev/pkg/client/command_handlers.go:410.61,412.3 1 1
golang-https-rev/pkg/client/command_handlers.go:412.8,414.3 1 1
golang-https-rev/pkg/client/command_handlers.go:416.2,416.33 1 1
golang-https-rev/pkg/client/command_handlers.go:416.33,418.3 1 1
golang-https-rev/pkg/client/command_handlers.go:421.2,421.36 1 1
golang-https-rev/pkg/client/command_handlers.go:421.36,423.3 1 0
golang-https-rev/pkg/client/command_handlers.go:425.2,425.57 1 1
golang-https-rev/pkg/client/command_handlers.go:425.57,427.3 1 0
golang-https-rev/pkg/client/command_handlers.go:429.2,429.59 1 1
golang-https-rev/pkg/client/command_handlers.go:429.59,431.3 1 0
golang-https-rev/pkg/client/command_handlers.go:433.2,433.36 1 1
golang-https-rev/pkg/client/command_handlers.go:433.36,435.3 1 0
golang-https-rev/pkg/client/command_handlers.go:438.2,438.61 1 1
golang-https-rev/pkg/client/command_handlers.go:438.61,440.3 1 1
golang-https-rev/pkg/client/command_handlers.go:442.2,442.61 1 1
golang-https-rev/pkg/client/command_handlers.go:442.61,444.3 1 1
golang-https-rev/pkg/client/command_handlers.go:446.2,446.59 1 1
golang-https-rev/pkg/client/command_handlers.go:446.59,448.3 1 0
golang-https-rev/pkg/client/command_handlers.go:450.2,450.58 1 1
golang-https-rev/pkg/client/command_handlers.go:450.58,452.3 1 1
golang-https-rev/pkg/client/command_handlers.go:455.2,455.45 1 1
golang-https-rev/pkg/client/pty_unix.go:15.48,17.2 1 1
golang-https-rev/pkg/client/pty_unix.go:20.54,26.2 2 1
golang-https-rev/pkg/client/pty_unix.go:33.44,35.2 1 1
golang-https-rev/pkg/client/pty_unix.go:38.49,40.2 1 1
golang-https-rev/pkg/client/reverse.go:42.84,48.2 1 1
golang-https-rev/pkg/client/reverse.go:51.42,55.16 2 1
golang-https-rev/pkg/client/reverse.go:55.16,57.3 1 1
golang-https-rev/pkg/client/reverse.go:60.2,60.30 1 1
golang-https-rev/pkg/client/reverse.go:60.30,61.56 1 1
golang-https-rev/pkg/client/reverse.go:61.56,64.4 2 0
golang-https-rev/pkg/client/reverse.go:66.3,70.40 4 1
golang-https-rev/pkg/client/reverse.go:70.40,73.4 2 1
golang-https-rev/pkg/client/reverse.go:74.3,74.71 1 1
golang-https-rev/pkg/client/reverse.go:77.2,82.27 4 1
golang-https-rev/pkg/client/reverse.go:82.27,85.59 2 1
golang-https-rev/pkg/client/reverse.go:85.59,88.4 2 0
golang-https-rev/pkg/client/reverse.go:89.3,89.43 1 1
golang-https-rev/pkg/client/reverse.go:89.43,92.4 2 0
golang-https-rev/pkg/client/reverse.go:95.3,96.17 2 1
golang-https-rev/pkg/client/reverse.go:96.17,99.4 2 0
golang-https-rev/pkg/client/reverse.go:101.3,102.41 2 1
golang-https-rev/pkg/client/reverse.go:102.41,105.4 2 1
golang-https-rev/pkg/client/reverse.go:106.3,106.37 1 1
golang-https-rev/pkg/client/reverse.go:106.37,109.4 2 0
golang-https-rev/pkg/client/reverse.go:110.3,110.46 1 1
golang-https-rev/pkg/client/reverse.go:113.2,114.12 2 1
golang-https-rev/pkg/client/reverse.go:118.45,120.2 1 1
golang-https-rev/pkg/client/reverse.go:123.40,124.20 1 1
golang-https-rev/pkg/client/reverse.go:124.20,126.3 1 1
golang-https-rev/pkg/client/reverse.go:127.2,128.24 2 1
golang-https-rev/pkg/client/reverse.go:132.64,134.16 2 1
golang-https-rev/pkg/client/reverse.go:134.16,136.3 1 1
golang-https-rev/pkg/client/reverse.go:137.2,137.15 1 1
golang-https-rev/pkg/client/reverse.go:141.58,144.31 2 1
golang-https-rev/pkg/client/reverse.go:144.31,146.3 1 0
golang-https-rev/pkg/client/reverse.go:146.8,148.3 1 1
golang-https-rev/pkg/client/reverse.go:150.2,151.16 2 1
golang-https-rev/pkg/client/reverse.go:151.16,153.3 1 1
golang-https-rev/pkg/client/reverse.go:154.2,154.28 1 1
golang-https-rev/pkg/client/reverse.go:158.49,161.6 2 1
golang-https-rev/pkg/client/reverse.go:161.6,163.21 1 1
golang-https-rev/pkg/client/reverse.go:163.21,165.4 1 0
golang-https-rev/pkg/client/reverse.go:166.3,167.21 2 1
golang-https-rev/pkg/client/reverse.go:167.21,169.4 1 0
golang-https-rev/pkg/client/reverse.go:171.3,173.42 2 1
golang-https-rev/pkg/client/reverse.go:173.42,175.48 1 0
golang-https-rev/pkg/client/reverse.go:175.48,177.5 1 0
golang-https-rev/pkg/client/reverse.go:178.4,178.12 1 0
golang-https-rev/pkg/client/reverse.go:181.3,181.17 1 1
golang-https-rev/pkg/client/reverse.go:181.17,182.21 1 1
golang-https-rev/pkg/client/reverse.go:182.21,184.5 1 1
golang-https-rev/pkg/client/reverse.go:185.4,185.79 1 1
golang-https-rev/pkg/client/reverse.go:185.79,186.13 1 0
golang-https-rev/pkg/client/reverse.go:188.4,188.44 1 1
golang-https-rev/pkg/client/reverse.go:191.3,193.20 3 1
golang-https-rev/pkg/client/reverse.go:193.20,194.12 1 1
golang-https-rev/pkg/client/reverse.go:198.3,198.19 1 1
golang-https-rev/pkg/client/reverse.go:198.19,199.38 1 1
golang-https-rev/pkg/client/reverse.go:199.38,201.13 2 1
golang-https-rev/pkg/client/reverse.go:203.4,203.59 1 1
golang-https-rev/pkg/client/reverse.go:203.59,204.60 1 1
golang-https-rev/pkg/client/reverse.go:204.60,206.6 1 1
golang-https-rev/pkg/client/reverse.go:207.5,207.13 1 1
golang-https-rev/pkg/client/reverse.go:209.4,209.61 1 1
golang-https-rev/pkg/client/reverse.go:209.61,210.62 1 1
golang-https-rev/pkg/client/reverse.go:210.62,212.6 1 1
golang-https-rev/pkg/client/reverse.go:213.5,213.13 1 1
golang-https-rev/pkg/client/reverse.go:216.4,216.12 1 1
golang-https-rev/pkg/client/reverse.go:220.3,221.17 2 1
golang-https-rev/pkg/client/reverse.go:221.17,223.12 2 0
golang-https-rev/pkg/client/reverse.go:225.3,225.22 1 1
golang-https-rev/pkg/client/reverse.go:225.22,227.4 1 1
golang-https-rev/pkg/server/listener.go:37.103,49.2 1 1
golang-https-rev/pkg/server/listener.go:53.50,58.16 4 1
golang-https-rev/pkg/server/listener.go:58.16,60.3 1 1
golang-https-rev/pkg/server/listener.go:62.2,63.22 2 1
golang-https-rev/pkg/server/listener.go:67.61,68.6 1 1
golang-https-rev/pkg/server/listener.go:68.6,70.17 2 1
golang-https-rev/pkg/server/listener.go:70.17,72.106 1 1
golang-https-rev/pkg/server/listener.go:72.106,74.5 1 1
golang-https-rev/pkg/server/listener.go:75.4,76.12 2 0
golang-https-rev/pkg/server/listener.go:78.3,78.26 1 1
golang-https-rev/pkg/server/listener.go:83.48,92.26 6 1
golang-https-rev/pkg/server/listener.go:92.26,95.20 2 0
golang-https-rev/pkg/server/listener.go:95.20,98.7 2 0
golang-https-rev/pkg/server/listener.go:100.3,101.56 2 0
golang-https-rev/pkg/server/listener.go:101.56,106.7 4 0
golang-https-rev/pkg/server/listener.go:108.3,109.42 2 0
golang-https-rev/pkg/server/listener.go:109.42,114.7 4 0
golang-https-rev/pkg/server/listener.go:117.3,118.40 2 0
golang-https-rev/pkg/server/listener.go:118.40,121.4 2 0
golang-https-rev/pkg/server/listener.go:122.3,122.69 1 0
golang-https-rev/pkg/server/listener.go:125.2,135.15 9 1
golang-https-rev/pkg/server/listener.go:135.15,140.65 5 1
golang-https-rev/pkg/server/listener.go:140.65,143.4 2 0
golang-https-rev/pkg/server/listener.go:144.3,148.56 5 1
golang-https-rev/pkg/server/listener.go:152.2,155.12 2 1
golang-https-rev/pkg/server/listener.go:155.12,157.7 2 1
golang-https-rev/pkg/server/listener.go:157.7,164.43 3 1
golang-https-rev/pkg/server/listener.go:164.43,165.54 1 0
golang-https-rev/pkg/server/listener.go:165.54,168.6 2 0
golang-https-rev/pkg/server/listener.go:169.5,169.13 1 0
golang-https-rev/pkg/server/listener.go:172.4,172.18 1 1
golang-https-rev/pkg/server/listener.go:172.18,173.22 1 1
golang-https-rev/pkg/server/listener.go:173.22,175.6 1 0
golang-https-rev/pkg/server/listener.go:176.5,177.11 2 1
golang-https-rev/pkg/server/listener.go:181.4,182.63 2 0
golang-https-rev/pkg/server/listener.go:182.63,188.19 4 0
golang-https-rev/pkg/server/listener.go:188.19,191.14 3 0
golang-https-rev/pkg/server/listener.go:194.5,198.15 4 0
golang-https-rev/pkg/server/listener.go:198.15,199.13 1 0
golang-https-rev/pkg/server/listener.go:200.31,200.31 0 0
golang-https-rev/pkg/server/listener.go:201.14,202.77 1 0
golang-https-rev/pkg/server/listener.go:205.5,206.13 2 0
golang-https-rev/pkg/server/listener.go:210.4,210.59 1 0
golang-https-rev/pkg/server/listener.go:210.59,213.13 3 0
golang-https-rev/pkg/server/listener.go:217.4,217.77 1 0
golang-https-rev/pkg/server/listener.go:217.77,220.12 2 0
golang-https-rev/pkg/server/listener.go:221.35,221.35 0 0
golang-https-rev/pkg/server/listener.go:223.13,225.95 1 0
golang-https-rev/pkg/server/listener.go:227.5,227.27 1 0
golang-https-rev/pkg/server/listener.go:233.2,237.6 4 1
golang-https-rev/pkg/server/listener.go:237.6,238.10 1 1
golang-https-rev/pkg/server/listener.go:239.29,240.11 1 1
golang-https-rev/pkg/server/listener.go:240.11,242.5 1 0
golang-https-rev/pkg/server/listener.go:243.4,246.31 3 1
golang-https-rev/pkg/server/listener.go:246.31,248.5 1 0
golang-https-rev/pkg/server/listener.go:249.23,251.10 2 1
golang-https-rev/pkg/server/listener.go:252.29,253.22 1 1
golang-https-rev/pkg/server/listener.go:254.23,256.19 1 0
golang-https-rev/pkg/server/listener.go:256.19,259.5 2 0
golang-https-rev/pkg/server/listener.go:265.42,270.40 4 1
golang-https-rev/pkg/server/listener.go:270.40,272.3 1 1
golang-https-rev/pkg/server/listener.go:273.2,273.16 1 1
golang-https-rev/pkg/server/listener.go:278.62,284.13 5 1
golang-https-rev/pkg/server/listener.go:284.13,286.3 1 1
golang-https-rev/pkg/server/listener.go:289.2,289.17 1 1
golang-https-rev/pkg/server/listener.go:289.17,291.10 1 1
golang-https-rev/pkg/server/listener.go:292.20,292.20 0 1
golang-https-rev/pkg/server/listener.go:293.11,293.11 0 1
golang-https-rev/pkg/server/listener.go:295.3,295.10 1 1
golang-https-rev/pkg/server/listener.go:296.26,296.26 0 1
golang-https-rev/pkg/server/listener.go:297.11,297.11 0 0
golang-https-rev/pkg/server/listener.go:301.2,301.9 1 1
golang-https-rev/pkg/server/listener.go:302.22,303.13 1 1
golang-https-rev/pkg/server/listener.go:304.60,305.47 1 0
golang-https-rev/pkg/server/listener.go:311.90,317.13 5 1
golang-https-rev/pkg/server/listener.go:317.13,319.3 1 1
golang-https-rev/pkg/server/listener.go:322.2,322.15 1 1
golang-https-rev/pkg/server/listener.go:322.15,323.18 1 1
golang-https-rev/pkg/server/listener.go:323.18,324.11 1 1
golang-https-rev/pkg/server/listener.go:325.21,325.21 0 0
golang-https-rev/pkg/server/listener.go:326.12,326.12 0 1
golang-https-rev/pkg/server/listener.go:328.4,328.11 1 1
golang-https-rev/pkg/server/listener.go:329.28,329.28 0 1
golang-https-rev/pkg/server/listener.go:330.12,330.12 0 0
golang-https-rev/pkg/server/listener.go:335.2,337.40 2 1
golang-https-rev/pkg/server/listener.go:337.40,341.3 3 1
golang-https-rev/pkg/server/listener.go:344.2,344.6 1 1
golang-https-rev/pkg/server/listener.go:344.6,345.10 1 1
golang-https-rev/pkg/server/listener.go:346.27,348.62 2 1
golang-https-rev/pkg/server/listener.go:348.62,349.13 1 1
golang-https-rev/pkg/server/listener.go:352.4,352.20 1 1
golang-https-rev/pkg/server/listener.go:353.11,354.21 1 1
golang-https-rev/pkg/server/listener.go:358.1,360.6 1 0
golang-https-rev/pkg/server/listener.go:360.6,362.21 2 1
golang-https-rev/pkg/server/listener.go:362.21,364.4 1 0
golang-https-rev/pkg/server/listener.go:366.3,366.10 1 1
golang-https-rev/pkg/server/listener.go:367.27,369.62 2 0
golang-https-rev/pkg/server/listener.go:369.62,370.13 1 0
golang-https-rev/pkg/server/listener.go:372.4,372.20 1 0
golang-https-rev/pkg/server/listener.go:373.32,374.57 1 1
golang-https-rev/pkg/server/listener.go:380.56,385.40 4 1
golang-https-rev/pkg/server/listener.go:385.40,387.3 1 1
golang-https-rev/pkg/server/listener.go:389.2,390.16 2 1
golang-https-rev/pkg/server/listener.go:394.73,398.59 3 1
golang-https-rev/pkg/server/listener.go:398.59,400.3 1 1
golang-https-rev/pkg/server/listener.go:402.2,402.33 1 1
golang-https-rev/pkg/server/listener.go:402.33,404.3 1 1
golang-https-rev/pkg/server/listener.go:406.2,410.25 4 1
golang-https-rev/pkg/server/listener.go:414.57,418.34 3 1
golang-https-rev/pkg/server/listener.go:418.34,420.3 1 1
golang-https-rev/pkg/server/listener.go:422.2,422.64 1 1
golang-https-rev/pkg/server/listener.go:422.64,425.3 2 1
golang-https-rev/pkg/server/listener.go:427.2,428.12 2 1
golang-https-rev/pkg/server/listener.go:432.56,436.2 3 1
golang-https-rev/pkg/server/listener.go:439.74,444.2 4 1
