mode: set
github.com/frjcomp/gots/pkg/server/listener.go:38.103,50.2 1 1
github.com/frjcomp/gots/pkg/server/listener.go:54.50,59.16 4 1
github.com/frjcomp/gots/pkg/server/listener.go:59.16,61.3 1 1
github.com/frjcomp/gots/pkg/server/listener.go:63.2,64.22 2 1
github.com/frjcomp/gots/pkg/server/listener.go:68.61,69.6 1 1
github.com/frjcomp/gots/pkg/server/listener.go:69.6,71.17 2 1
github.com/frjcomp/gots/pkg/server/listener.go:71.17,73.106 1 1
github.com/frjcomp/gots/pkg/server/listener.go:73.106,75.5 1 1
github.com/frjcomp/gots/pkg/server/listener.go:76.4,77.12 2 0
github.com/frjcomp/gots/pkg/server/listener.go:79.3,79.26 1 1
github.com/frjcomp/gots/pkg/server/listener.go:84.48,93.26 6 1
github.com/frjcomp/gots/pkg/server/listener.go:93.26,96.17 2 0
github.com/frjcomp/gots/pkg/server/listener.go:96.17,99.4 2 0
github.com/frjcomp/gots/pkg/server/listener.go:101.3,102.53 2 0
github.com/frjcomp/gots/pkg/server/listener.go:102.53,107.4 4 0
github.com/frjcomp/gots/pkg/server/listener.go:109.3,113.10 2 0
github.com/frjcomp/gots/pkg/server/listener.go:113.10,117.4 3 0
github.com/frjcomp/gots/pkg/server/listener.go:120.3,121.40 2 0
github.com/frjcomp/gots/pkg/server/listener.go:121.40,124.4 2 0
github.com/frjcomp/gots/pkg/server/listener.go:125.3,125.69 1 0
github.com/frjcomp/gots/pkg/server/listener.go:128.2,138.15 9 1
github.com/frjcomp/gots/pkg/server/listener.go:138.15,143.65 5 1
github.com/frjcomp/gots/pkg/server/listener.go:143.65,146.4 2 0
github.com/frjcomp/gots/pkg/server/listener.go:147.3,151.56 5 1
github.com/frjcomp/gots/pkg/server/listener.go:155.2,158.12 2 1
github.com/frjcomp/gots/pkg/server/listener.go:158.12,160.7 2 1
github.com/frjcomp/gots/pkg/server/listener.go:160.7,167.43 3 1
github.com/frjcomp/gots/pkg/server/listener.go:167.43,168.54 1 0
github.com/frjcomp/gots/pkg/server/listener.go:168.54,171.6 2 0
github.com/frjcomp/gots/pkg/server/listener.go:172.5,172.13 1 0
github.com/frjcomp/gots/pkg/server/listener.go:175.4,175.18 1 1
github.com/frjcomp/gots/pkg/server/listener.go:175.18,176.22 1 1
github.com/frjcomp/gots/pkg/server/listener.go:176.22,178.6 1 0
github.com/frjcomp/gots/pkg/server/listener.go:179.5,180.11 2 1
github.com/frjcomp/gots/pkg/server/listener.go:184.4,185.63 2 0
github.com/frjcomp/gots/pkg/server/listener.go:185.63,191.19 4 0
github.com/frjcomp/gots/pkg/server/listener.go:191.19,194.14 3 0
github.com/frjcomp/gots/pkg/server/listener.go:197.5,201.15 4 0
github.com/frjcomp/gots/pkg/server/listener.go:201.15,202.13 1 0
github.com/frjcomp/gots/pkg/server/listener.go:203.31,203.31 0 0
github.com/frjcomp/gots/pkg/server/listener.go:204.14,205.77 1 0
github.com/frjcomp/gots/pkg/server/listener.go:208.5,209.13 2 0
github.com/frjcomp/gots/pkg/server/listener.go:213.4,213.59 1 0
github.com/frjcomp/gots/pkg/server/listener.go:213.59,216.13 3 0
github.com/frjcomp/gots/pkg/server/listener.go:220.4,220.77 1 0
github.com/frjcomp/gots/pkg/server/listener.go:220.77,223.12 2 0
github.com/frjcomp/gots/pkg/server/listener.go:224.35,224.35 0 0
github.com/frjcomp/gots/pkg/server/listener.go:226.13,228.95 1 0
github.com/frjcomp/gots/pkg/server/listener.go:230.5,230.27 1 0
github.com/frjcomp/gots/pkg/server/listener.go:236.2,240.6 4 1
github.com/frjcomp/gots/pkg/server/listener.go:240.6,241.10 1 1
github.com/frjcomp/gots/pkg/server/listener.go:242.29,243.11 1 1
github.com/frjcomp/gots/pkg/server/listener.go:243.11,245.5 1 0
github.com/frjcomp/gots/pkg/server/listener.go:246.4,249.31 3 1
github.com/frjcomp/gots/pkg/server/listener.go:249.31,251.5 1 0
github.com/frjcomp/gots/pkg/server/listener.go:252.23,254.10 2 1
github.com/frjcomp/gots/pkg/server/listener.go:255.29,256.22 1 1
github.com/frjcomp/gots/pkg/server/listener.go:257.23,259.19 1 0
github.com/frjcomp/gots/pkg/server/listener.go:259.19,262.5 2 0
github.com/frjcomp/gots/pkg/server/listener.go:268.42,273.40 4 1
github.com/frjcomp/gots/pkg/server/listener.go:273.40,275.3 1 1
github.com/frjcomp/gots/pkg/server/listener.go:276.2,276.16 1 1
github.com/frjcomp/gots/pkg/server/listener.go:281.62,287.13 5 1
github.com/frjcomp/gots/pkg/server/listener.go:287.13,289.3 1 1
github.com/frjcomp/gots/pkg/server/listener.go:292.2,292.17 1 1
github.com/frjcomp/gots/pkg/server/listener.go:292.17,294.10 1 1
github.com/frjcomp/gots/pkg/server/listener.go:295.20,295.20 0 1
github.com/frjcomp/gots/pkg/server/listener.go:296.11,296.11 0 1
github.com/frjcomp/gots/pkg/server/listener.go:298.3,298.10 1 1
github.com/frjcomp/gots/pkg/server/listener.go:299.26,299.26 0 1
github.com/frjcomp/gots/pkg/server/listener.go:300.11,300.11 0 0
github.com/frjcomp/gots/pkg/server/listener.go:304.2,304.9 1 1
github.com/frjcomp/gots/pkg/server/listener.go:305.22,306.13 1 1
github.com/frjcomp/gots/pkg/server/listener.go:307.60,308.47 1 0
github.com/frjcomp/gots/pkg/server/listener.go:314.90,320.13 5 1
github.com/frjcomp/gots/pkg/server/listener.go:320.13,322.3 1 1
github.com/frjcomp/gots/pkg/server/listener.go:325.2,325.15 1 1
github.com/frjcomp/gots/pkg/server/listener.go:325.15,326.18 1 1
github.com/frjcomp/gots/pkg/server/listener.go:326.18,327.11 1 1
github.com/frjcomp/gots/pkg/server/listener.go:328.21,328.21 0 0
github.com/frjcomp/gots/pkg/server/listener.go:329.12,329.12 0 1
github.com/frjcomp/gots/pkg/server/listener.go:331.4,331.11 1 1
github.com/frjcomp/gots/pkg/server/listener.go:332.28,332.28 0 1
github.com/frjcomp/gots/pkg/server/listener.go:333.12,333.12 0 0
github.com/frjcomp/gots/pkg/server/listener.go:338.2,340.40 2 1
github.com/frjcomp/gots/pkg/server/listener.go:340.40,344.3 3 1
github.com/frjcomp/gots/pkg/server/listener.go:347.2,347.6 1 1
github.com/frjcomp/gots/pkg/server/listener.go:347.6,348.10 1 1
github.com/frjcomp/gots/pkg/server/listener.go:349.27,351.62 2 1
github.com/frjcomp/gots/pkg/server/listener.go:351.62,352.13 1 1
github.com/frjcomp/gots/pkg/server/listener.go:355.4,355.20 1 1
github.com/frjcomp/gots/pkg/server/listener.go:356.11,357.21 1 1
github.com/frjcomp/gots/pkg/server/listener.go:361.1,363.6 1 0
github.com/frjcomp/gots/pkg/server/listener.go:363.6,365.21 2 1
github.com/frjcomp/gots/pkg/server/listener.go:365.21,367.4 1 0
github.com/frjcomp/gots/pkg/server/listener.go:369.3,369.10 1 1
github.com/frjcomp/gots/pkg/server/listener.go:370.27,372.62 2 0
github.com/frjcomp/gots/pkg/server/listener.go:372.62,373.13 1 0
github.com/frjcomp/gots/pkg/server/listener.go:375.4,375.20 1 0
github.com/frjcomp/gots/pkg/server/listener.go:376.32,377.57 1 1
github.com/frjcomp/gots/pkg/server/listener.go:383.56,388.40 4 1
github.com/frjcomp/gots/pkg/server/listener.go:388.40,390.3 1 1
github.com/frjcomp/gots/pkg/server/listener.go:392.2,393.16 2 1
github.com/frjcomp/gots/pkg/server/listener.go:397.73,401.59 3 1
github.com/frjcomp/gots/pkg/server/listener.go:401.59,403.3 1 1
github.com/frjcomp/gots/pkg/server/listener.go:405.2,405.33 1 1
github.com/frjcomp/gots/pkg/server/listener.go:405.33,407.3 1 1
github.com/frjcomp/gots/pkg/server/listener.go:409.2,413.25 4 1
github.com/frjcomp/gots/pkg/server/listener.go:417.57,421.34 3 1
github.com/frjcomp/gots/pkg/server/listener.go:421.34,423.3 1 1
github.com/frjcomp/gots/pkg/server/listener.go:425.2,425.64 1 1
github.com/frjcomp/gots/pkg/server/listener.go:425.64,428.3 2 1
github.com/frjcomp/gots/pkg/server/listener.go:430.2,431.12 2 1
github.com/frjcomp/gots/pkg/server/listener.go:435.56,439.2 3 1
github.com/frjcomp/gots/pkg/server/listener.go:442.74,447.2 4 1
