mode: set
github.com/frjcomp/gots/pkg/config/config.go:45.42,59.2 1 1
github.com/frjcomp/gots/pkg/config/config.go:62.42,74.2 1 1
github.com/frjcomp/gots/pkg/config/config.go:78.99,82.16 2 1
github.com/frjcomp/gots/pkg/config/config.go:82.16,84.3 1 1
github.com/frjcomp/gots/pkg/config/config.go:85.2,85.28 1 1
github.com/frjcomp/gots/pkg/config/config.go:85.28,87.3 1 1
github.com/frjcomp/gots/pkg/config/config.go:88.2,91.50 2 1
github.com/frjcomp/gots/pkg/config/config.go:91.50,93.3 1 1
github.com/frjcomp/gots/pkg/config/config.go:96.2,96.39 1 1
github.com/frjcomp/gots/pkg/config/config.go:96.39,98.3 1 0
github.com/frjcomp/gots/pkg/config/config.go:100.2,100.17 1 1
github.com/frjcomp/gots/pkg/config/config.go:105.115,109.18 2 1
github.com/frjcomp/gots/pkg/config/config.go:109.18,111.3 1 1
github.com/frjcomp/gots/pkg/config/config.go:112.2,112.21 1 1
github.com/frjcomp/gots/pkg/config/config.go:112.21,114.3 1 1
github.com/frjcomp/gots/pkg/config/config.go:115.2,115.24 1 1
github.com/frjcomp/gots/pkg/config/config.go:115.24,117.3 1 1
github.com/frjcomp/gots/pkg/config/config.go:118.2,118.27 1 1
github.com/frjcomp/gots/pkg/config/config.go:118.27,120.3 1 1
github.com/frjcomp/gots/pkg/config/config.go:123.2,123.50 1 1
github.com/frjcomp/gots/pkg/config/config.go:123.50,125.3 1 1
github.com/frjcomp/gots/pkg/config/config.go:128.2,128.39 1 1
github.com/frjcomp/gots/pkg/config/config.go:128.39,130.3 1 0
github.com/frjcomp/gots/pkg/config/config.go:132.2,132.17 1 1
github.com/frjcomp/gots/pkg/config/config.go:136.52,138.37 1 1
github.com/frjcomp/gots/pkg/config/config.go:138.37,139.15 1 1
github.com/frjcomp/gots/pkg/config/config.go:139.15,141.5 1 1
github.com/frjcomp/gots/pkg/config/config.go:142.4,142.14 1 1
github.com/frjcomp/gots/pkg/config/config.go:144.50,145.15 1 1
github.com/frjcomp/gots/pkg/config/config.go:145.15,147.5 1 1
github.com/frjcomp/gots/pkg/config/config.go:148.4,148.14 1 1
github.com/frjcomp/gots/pkg/config/config.go:150.44,151.15 1 1
github.com/frjcomp/gots/pkg/config/config.go:151.15,153.19 2 1
github.com/frjcomp/gots/pkg/config/config.go:153.19,155.6 1 1
github.com/frjcomp/gots/pkg/config/config.go:156.5,156.26 1 1
github.com/frjcomp/gots/pkg/config/config.go:158.4,158.14 1 1
github.com/frjcomp/gots/pkg/config/config.go:160.48,161.15 1 1
github.com/frjcomp/gots/pkg/config/config.go:161.15,163.19 2 0
github.com/frjcomp/gots/pkg/config/config.go:163.19,165.6 1 0
github.com/frjcomp/gots/pkg/config/config.go:166.5,166.29 1 0
github.com/frjcomp/gots/pkg/config/config.go:168.4,168.14 1 1
github.com/frjcomp/gots/pkg/config/config.go:170.43,171.15 1 1
github.com/frjcomp/gots/pkg/config/config.go:171.15,173.19 2 0
github.com/frjcomp/gots/pkg/config/config.go:173.19,175.6 1 0
github.com/frjcomp/gots/pkg/config/config.go:176.5,176.25 1 0
github.com/frjcomp/gots/pkg/config/config.go:178.4,178.14 1 1
github.com/frjcomp/gots/pkg/config/config.go:180.45,181.15 1 1
github.com/frjcomp/gots/pkg/config/config.go:181.15,183.19 2 1
github.com/frjcomp/gots/pkg/config/config.go:183.19,185.6 1 1
github.com/frjcomp/gots/pkg/config/config.go:186.5,186.24 1 0
github.com/frjcomp/gots/pkg/config/config.go:188.4,188.14 1 1
github.com/frjcomp/gots/pkg/config/config.go:190.49,191.15 1 1
github.com/frjcomp/gots/pkg/config/config.go:191.15,193.19 2 0
github.com/frjcomp/gots/pkg/config/config.go:193.19,195.6 1 0
github.com/frjcomp/gots/pkg/config/config.go:196.5,196.28 1 0
github.com/frjcomp/gots/pkg/config/config.go:198.4,198.14 1 1
github.com/frjcomp/gots/pkg/config/config.go:200.48,201.15 1 1
github.com/frjcomp/gots/pkg/config/config.go:201.15,203.19 2 0
github.com/frjcomp/gots/pkg/config/config.go:203.19,205.6 1 0
github.com/frjcomp/gots/pkg/config/config.go:206.5,206.27 1 0
github.com/frjcomp/gots/pkg/config/config.go:208.4,208.14 1 1
github.com/frjcomp/gots/pkg/config/config.go:210.46,211.15 1 1
github.com/frjcomp/gots/pkg/config/config.go:211.15,213.19 2 0
github.com/frjcomp/gots/pkg/config/config.go:213.19,215.6 1 0
github.com/frjcomp/gots/pkg/config/config.go:216.5,216.25 1 0
github.com/frjcomp/gots/pkg/config/config.go:218.4,218.14 1 1
github.com/frjcomp/gots/pkg/config/config.go:222.2,222.36 1 1
github.com/frjcomp/gots/pkg/config/config.go:222.36,223.50 1 1
github.com/frjcomp/gots/pkg/config/config.go:223.50,225.4 1 1
github.com/frjcomp/gots/pkg/config/config.go:228.2,228.12 1 1
github.com/frjcomp/gots/pkg/config/config.go:232.52,234.39 1 1
github.com/frjcomp/gots/pkg/config/config.go:234.39,235.15 1 1
github.com/frjcomp/gots/pkg/config/config.go:235.15,237.5 1 1
github.com/frjcomp/gots/pkg/config/config.go:238.4,238.14 1 1
github.com/frjcomp/gots/pkg/config/config.go:240.44,241.15 1 1
github.com/frjcomp/gots/pkg/config/config.go:241.15,243.19 2 1
github.com/frjcomp/gots/pkg/config/config.go:243.19,245.6 1 1
github.com/frjcomp/gots/pkg/config/config.go:246.5,246.29 1 1
github.com/frjcomp/gots/pkg/config/config.go:248.4,248.14 1 1
github.com/frjcomp/gots/pkg/config/config.go:250.44,251.15 1 1
github.com/frjcomp/gots/pkg/config/config.go:251.15,253.19 2 0
github.com/frjcomp/gots/pkg/config/config.go:253.19,255.6 1 0
github.com/frjcomp/gots/pkg/config/config.go:256.5,256.26 1 0
github.com/frjcomp/gots/pkg/config/config.go:258.4,258.14 1 1
github.com/frjcomp/gots/pkg/config/config.go:260.48,261.15 1 1
github.com/frjcomp/gots/pkg/config/config.go:261.15,263.19 2 0
github.com/frjcomp/gots/pkg/config/config.go:263.19,265.6 1 0
github.com/frjcomp/gots/pkg/config/config.go:266.5,266.29 1 0
github.com/frjcomp/gots/pkg/config/config.go:268.4,268.14 1 1
github.com/frjcomp/gots/pkg/config/config.go:270.43,271.15 1 1
github.com/frjcomp/gots/pkg/config/config.go:271.15,273.19 2 0
github.com/frjcomp/gots/pkg/config/config.go:273.19,275.6 1 0
github.com/frjcomp/gots/pkg/config/config.go:276.5,276.25 1 0
github.com/frjcomp/gots/pkg/config/config.go:278.4,278.14 1 1
github.com/frjcomp/gots/pkg/config/config.go:280.45,281.15 1 1
github.com/frjcomp/gots/pkg/config/config.go:281.15,283.19 2 0
github.com/frjcomp/gots/pkg/config/config.go:283.19,285.6 1 0
github.com/frjcomp/gots/pkg/config/config.go:286.5,286.24 1 0
github.com/frjcomp/gots/pkg/config/config.go:288.4,288.14 1 1
github.com/frjcomp/gots/pkg/config/config.go:290.49,291.15 1 1
github.com/frjcomp/gots/pkg/config/config.go:291.15,293.19 2 0
github.com/frjcomp/gots/pkg/config/config.go:293.19,295.6 1 0
github.com/frjcomp/gots/pkg/config/config.go:296.5,296.28 1 0
github.com/frjcomp/gots/pkg/config/config.go:298.4,298.14 1 1
github.com/frjcomp/gots/pkg/config/config.go:300.48,301.15 1 1
github.com/frjcomp/gots/pkg/config/config.go:301.15,303.19 2 0
github.com/frjcomp/gots/pkg/config/config.go:303.19,305.6 1 0
github.com/frjcomp/gots/pkg/config/config.go:306.5,306.27 1 0
github.com/frjcomp/gots/pkg/config/config.go:308.4,308.14 1 1
github.com/frjcomp/gots/pkg/config/config.go:310.46,311.15 1 1
github.com/frjcomp/gots/pkg/config/config.go:311.15,313.19 2 0
github.com/frjcomp/gots/pkg/config/config.go:313.19,315.6 1 0
github.com/frjcomp/gots/pkg/config/config.go:316.5,316.25 1 0
github.com/frjcomp/gots/pkg/config/config.go:318.4,318.14 1 1
github.com/frjcomp/gots/pkg/config/config.go:320.46,321.15 1 1
github.com/frjcomp/gots/pkg/config/config.go:321.15,323.5 1 0
github.com/frjcomp/gots/pkg/config/config.go:324.4,324.14 1 1
github.com/frjcomp/gots/pkg/config/config.go:326.49,327.15 1 1
github.com/frjcomp/gots/pkg/config/config.go:327.15,329.5 1 0
github.com/frjcomp/gots/pkg/config/config.go:330.4,330.14 1 1
github.com/frjcomp/gots/pkg/config/config.go:334.2,334.36 1 1
github.com/frjcomp/gots/pkg/config/config.go:334.36,335.50 1 1
github.com/frjcomp/gots/pkg/config/config.go:335.50,337.4 1 1
github.com/frjcomp/gots/pkg/config/config.go:340.2,340.12 1 1
github.com/frjcomp/gots/pkg/config/config.go:344.41,345.18 1 1
github.com/frjcomp/gots/pkg/config/config.go:345.18,347.3 1 1
github.com/frjcomp/gots/pkg/config/config.go:350.2,350.48 1 1
github.com/frjcomp/gots/pkg/config/config.go:350.48,352.3 1 1
github.com/frjcomp/gots/pkg/config/config.go:354.2,354.30 1 1
github.com/frjcomp/gots/pkg/config/config.go:354.30,356.3 1 1
github.com/frjcomp/gots/pkg/config/config.go:358.2,358.23 1 1
github.com/frjcomp/gots/pkg/config/config.go:358.23,360.3 1 1
github.com/frjcomp/gots/pkg/config/config.go:362.2,362.26 1 1
github.com/frjcomp/gots/pkg/config/config.go:362.26,364.3 1 0
github.com/frjcomp/gots/pkg/config/config.go:366.2,366.36 1 1
github.com/frjcomp/gots/pkg/config/config.go:366.36,368.3 1 1
github.com/frjcomp/gots/pkg/config/config.go:370.2,370.22 1 1
github.com/frjcomp/gots/pkg/config/config.go:370.22,372.3 1 0
github.com/frjcomp/gots/pkg/config/config.go:374.2,374.24 1 1
github.com/frjcomp/gots/pkg/config/config.go:374.24,376.3 1 0
github.com/frjcomp/gots/pkg/config/config.go:378.2,378.28 1 1
github.com/frjcomp/gots/pkg/config/config.go:378.28,380.3 1 0
github.com/frjcomp/gots/pkg/config/config.go:382.2,382.27 1 1
github.com/frjcomp/gots/pkg/config/config.go:382.27,384.3 1 0
github.com/frjcomp/gots/pkg/config/config.go:386.2,386.25 1 1
github.com/frjcomp/gots/pkg/config/config.go:386.25,388.3 1 0
github.com/frjcomp/gots/pkg/config/config.go:390.2,390.12 1 1
github.com/frjcomp/gots/pkg/config/config.go:394.41,395.20 1 1
github.com/frjcomp/gots/pkg/config/config.go:395.20,397.3 1 1
github.com/frjcomp/gots/pkg/config/config.go:399.2,399.22 1 1
github.com/frjcomp/gots/pkg/config/config.go:399.22,401.3 1 0
github.com/frjcomp/gots/pkg/config/config.go:403.2,403.23 1 1
github.com/frjcomp/gots/pkg/config/config.go:403.23,405.3 1 0
github.com/frjcomp/gots/pkg/config/config.go:407.2,407.26 1 1
github.com/frjcomp/gots/pkg/config/config.go:407.26,409.3 1 0
github.com/frjcomp/gots/pkg/config/config.go:411.2,411.36 1 1
github.com/frjcomp/gots/pkg/config/config.go:411.36,413.3 1 0
github.com/frjcomp/gots/pkg/config/config.go:415.2,415.22 1 1
github.com/frjcomp/gots/pkg/config/config.go:415.22,417.3 1 0
github.com/frjcomp/gots/pkg/config/config.go:419.2,419.24 1 1
github.com/frjcomp/gots/pkg/config/config.go:419.24,421.3 1 0
github.com/frjcomp/gots/pkg/config/config.go:423.2,423.28 1 1
github.com/frjcomp/gots/pkg/config/config.go:423.28,425.3 1 0
github.com/frjcomp/gots/pkg/config/config.go:427.2,427.27 1 1
github.com/frjcomp/gots/pkg/config/config.go:427.27,429.3 1 0
github.com/frjcomp/gots/pkg/config/config.go:431.2,431.25 1 1
github.com/frjcomp/gots/pkg/config/config.go:431.25,433.3 1 0
github.com/frjcomp/gots/pkg/config/config.go:436.2,436.55 1 1
github.com/frjcomp/gots/pkg/config/config.go:436.55,438.3 1 1
github.com/frjcomp/gots/pkg/config/config.go:440.2,440.12 1 1
